<?xml version="1.0" encoding="UTF-8"?>
<!-- Generated by org.testng.reporters.JUnitReportReporter -->
<testsuite hostname="Welcome" failures="0" tests="1" name="driverfactory.AppTest" time="38.600" errors="0" timestamp="2024-01-24T13:09:18 IST" skipped="0">
  <testcase classname="driverfactory.AppTest" name="startTest" time="38.600"/>
  <system-out>
    <![CDATA[no of row:=10
username and password are valid==dashboard-----http://webapp.qedgetech.com/dashboard.php
Incorrect user ID or password-----dashboard ----http://webapp.qedgetech.com/login.php
Incorrect user ID or password-----dashboard ----http://webapp.qedgetech.com/login.php
Incorrect user ID or password-----dashboard ----http://webapp.qedgetech.com/login.php
username and password are valid==dashboard-----http://webapp.qedgetech.com/dashboard.php
Incorrect user ID or password-----dashboard ----http://webapp.qedgetech.com/login.php
username and password are valid==dashboard-----http://webapp.qedgetech.com/dashboard.php
Incorrect user ID or password-----dashboard ----http://webapp.qedgetech.com/login.php
username and password are valid==dashboard-----http://webapp.qedgetech.com/dashboard.php
username and password are valid==dashboard-----http://webapp.qedgetech.com/dashboard.php]]>
  </system-out>
</testsuite> <!-- driverfactory.AppTest -->
